{"/Applications/MAMP/htdocs/react-native-tips/index.js": {"path":"/Applications/MAMP/htdocs/react-native-tips/index.js","statementMap":{"0":{"start":{"line":4,"column":0},"end":{"line":4,"column":30}}},"fnMap":{},"branchMap":{},"s":{"0":1},"f":{},"b":{},"_coverageSchema":"332fd63041d2c1bcb487cc26dd0d5f7d97098a6c","hash":"5d48e58c3257672ecf0d0420abeed5548dbc4abe"}
,"/Applications/MAMP/htdocs/react-native-tips/Tips/Tips.js": {"path":"/Applications/MAMP/htdocs/react-native-tips/Tips/Tips.js","statementMap":{"0":{"start":{"line":12,"column":32},"end":{"line":62,"column":1}},"1":{"start":{"line":13,"column":2},"end":{"line":61,"column":3}},"2":{"start":{"line":14,"column":18},"end":{"line":24,"column":5}},"3":{"start":{"line":26,"column":17},"end":{"line":36,"column":5}},"4":{"start":{"line":38,"column":19},"end":{"line":48,"column":5}},"5":{"start":{"line":50,"column":13},"end":{"line":60,"column":5}},"6":{"start":{"line":64,"column":21},"end":{"line":71,"column":1}},"7":{"start":{"line":70,"column":13},"end":{"line":70,"column":52}},"8":{"start":{"line":73,"column":16},"end":{"line":82,"column":1}},"9":{"start":{"line":84,"column":21},"end":{"line":90,"column":1}},"10":{"start":{"line":92,"column":24},"end":{"line":98,"column":1}},"11":{"start":{"line":101,"column":15},"end":{"line":117,"column":2}},"12":{"start":{"line":128,"column":4},"end":{"line":128,"column":16}},"13":{"start":{"line":130,"column":4},"end":{"line":173,"column":5}},"14":{"start":{"line":175,"column":4},"end":{"line":175,"column":20}},"15":{"start":{"line":176,"column":4},"end":{"line":176,"column":28}},"16":{"start":{"line":178,"column":4},"end":{"line":178,"column":52}},"17":{"start":{"line":179,"column":4},"end":{"line":179,"column":66}},"18":{"start":{"line":180,"column":4},"end":{"line":180,"column":64}},"19":{"start":{"line":187,"column":4},"end":{"line":189,"column":5}},"20":{"start":{"line":188,"column":6},"end":{"line":188,"column":40}},"21":{"start":{"line":197,"column":4},"end":{"line":203,"column":5}},"22":{"start":{"line":198,"column":6},"end":{"line":198,"column":40}},"23":{"start":{"line":199,"column":11},"end":{"line":203,"column":5}},"24":{"start":{"line":200,"column":6},"end":{"line":202,"column":8}},"25":{"start":{"line":216,"column":4},"end":{"line":228,"column":5}},"26":{"start":{"line":218,"column":19},"end":{"line":220,"column":7}},"27":{"start":{"line":223,"column":21},"end":{"line":225,"column":7}},"28":{"start":{"line":227,"column":15},"end":{"line":227,"column":24}},"29":{"start":{"line":236,"column":22},"end":{"line":236,"column":32}},"30":{"start":{"line":238,"column":4},"end":{"line":252,"column":6}},"31":{"start":{"line":239,"column":6},"end":{"line":251,"column":8}},"32":{"start":{"line":240,"column":8},"end":{"line":250,"column":10}},"33":{"start":{"line":240,"column":32},"end":{"line":245,"column":9}},"34":{"start":{"line":246,"column":10},"end":{"line":249,"column":11}},"35":{"start":{"line":247,"column":12},"end":{"line":247,"column":43}},"36":{"start":{"line":248,"column":12},"end":{"line":248,"column":92}},"37":{"start":{"line":248,"column":54},"end":{"line":248,"column":84}},"38":{"start":{"line":260,"column":30},"end":{"line":260,"column":54}},"39":{"start":{"line":262,"column":4},"end":{"line":265,"column":6}},"40":{"start":{"line":267,"column":4},"end":{"line":267,"column":34}},"41":{"start":{"line":275,"column":25},"end":{"line":275,"column":35}},"42":{"start":{"line":276,"column":30},"end":{"line":276,"column":54}},"43":{"start":{"line":278,"column":4},"end":{"line":312,"column":6}},"44":{"start":{"line":281,"column":10},"end":{"line":281,"column":15}},"45":{"start":{"line":282,"column":24},"end":{"line":282,"column":26}},"46":{"start":{"line":284,"column":6},"end":{"line":309,"column":7}},"47":{"start":{"line":286,"column":10},"end":{"line":286,"column":94}},"48":{"start":{"line":287,"column":10},"end":{"line":287,"column":36}},"49":{"start":{"line":288,"column":10},"end":{"line":288,"column":15}},"50":{"start":{"line":291,"column":10},"end":{"line":291,"column":94}},"51":{"start":{"line":292,"column":10},"end":{"line":292,"column":61}},"52":{"start":{"line":293,"column":10},"end":{"line":293,"column":15}},"53":{"start":{"line":296,"column":10},"end":{"line":296,"column":94}},"54":{"start":{"line":297,"column":10},"end":{"line":297,"column":35}},"55":{"start":{"line":298,"column":10},"end":{"line":298,"column":15}},"56":{"start":{"line":301,"column":10},"end":{"line":301,"column":88}},"57":{"start":{"line":302,"column":10},"end":{"line":302,"column":94}},"58":{"start":{"line":303,"column":10},"end":{"line":303,"column":15}},"59":{"start":{"line":306,"column":10},"end":{"line":306,"column":34}},"60":{"start":{"line":307,"column":10},"end":{"line":307,"column":35}},"61":{"start":{"line":308,"column":10},"end":{"line":308,"column":15}},"62":{"start":{"line":311,"column":6},"end":{"line":311,"column":22}},"63":{"start":{"line":319,"column":46},"end":{"line":319,"column":56}},"64":{"start":{"line":321,"column":4},"end":{"line":323,"column":5}},"65":{"start":{"line":322,"column":6},"end":{"line":322,"column":28}},"66":{"start":{"line":325,"column":4},"end":{"line":325,"column":47}},"67":{"start":{"line":340,"column":8},"end":{"line":340,"column":18}},"68":{"start":{"line":346,"column":8},"end":{"line":346,"column":18}},"69":{"start":{"line":348,"column":17},"end":{"line":348,"column":43}},"70":{"start":{"line":349,"column":16},"end":{"line":349,"column":40}},"71":{"start":{"line":350,"column":20},"end":{"line":350,"column":47}},"72":{"start":{"line":352,"column":4},"end":{"line":409,"column":5}},"73":{"start":{"line":356,"column":25},"end":{"line":356,"column":41}},"74":{"start":{"line":414,"column":0},"end":{"line":431,"column":1}},"75":{"start":{"line":434,"column":0},"end":{"line":535,"column":1}},"76":{"start":{"line":538,"column":0},"end":{"line":538,"column":38}}},"fnMap":{"0":{"name":"(anonymous_0)","decl":{"start":{"line":12,"column":32},"end":{"line":12,"column":33}},"loc":{"start":{"line":12,"column":54},"end":{"line":62,"column":1}},"line":12},"1":{"name":"(anonymous_1)","decl":{"start":{"line":70,"column":4},"end":{"line":70,"column":5}},"loc":{"start":{"line":70,"column":13},"end":{"line":70,"column":52}},"line":70},"2":{"name":"(anonymous_2)","decl":{"start":{"line":127,"column":2},"end":{"line":127,"column":3}},"loc":{"start":{"line":127,"column":21},"end":{"line":181,"column":3}},"line":127},"3":{"name":"(anonymous_3)","decl":{"start":{"line":186,"column":2},"end":{"line":186,"column":3}},"loc":{"start":{"line":186,"column":22},"end":{"line":190,"column":3}},"line":186},"4":{"name":"(anonymous_4)","decl":{"start":{"line":196,"column":2},"end":{"line":196,"column":3}},"loc":{"start":{"line":196,"column":50},"end":{"line":204,"column":3}},"line":196},"5":{"name":"(anonymous_5)","decl":{"start":{"line":215,"column":2},"end":{"line":215,"column":3}},"loc":{"start":{"line":215,"column":43},"end":{"line":229,"column":3}},"line":215},"6":{"name":"(anonymous_6)","decl":{"start":{"line":235,"column":2},"end":{"line":235,"column":3}},"loc":{"start":{"line":235,"column":47},"end":{"line":253,"column":3}},"line":235},"7":{"name":"(anonymous_7)","decl":{"start":{"line":238,"column":31},"end":{"line":238,"column":32}},"loc":{"start":{"line":238,"column":37},"end":{"line":252,"column":5}},"line":238},"8":{"name":"(anonymous_8)","decl":{"start":{"line":239,"column":24},"end":{"line":239,"column":25}},"loc":{"start":{"line":239,"column":63},"end":{"line":251,"column":7}},"line":239},"9":{"name":"(anonymous_9)","decl":{"start":{"line":240,"column":22},"end":{"line":240,"column":23}},"loc":{"start":{"line":240,"column":32},"end":{"line":245,"column":9}},"line":240},"10":{"name":"(anonymous_10)","decl":{"start":{"line":245,"column":12},"end":{"line":245,"column":13}},"loc":{"start":{"line":245,"column":18},"end":{"line":250,"column":9}},"line":245},"11":{"name":"(anonymous_11)","decl":{"start":{"line":248,"column":48},"end":{"line":248,"column":49}},"loc":{"start":{"line":248,"column":54},"end":{"line":248,"column":84}},"line":248},"12":{"name":"(anonymous_12)","decl":{"start":{"line":259,"column":2},"end":{"line":259,"column":3}},"loc":{"start":{"line":259,"column":22},"end":{"line":268,"column":3}},"line":259},"13":{"name":"(anonymous_13)","decl":{"start":{"line":274,"column":2},"end":{"line":274,"column":3}},"loc":{"start":{"line":274,"column":29},"end":{"line":313,"column":3}},"line":274},"14":{"name":"(anonymous_14)","decl":{"start":{"line":278,"column":18},"end":{"line":278,"column":19}},"loc":{"start":{"line":278,"column":29},"end":{"line":312,"column":5}},"line":278},"15":{"name":"(anonymous_15)","decl":{"start":{"line":318,"column":2},"end":{"line":318,"column":3}},"loc":{"start":{"line":318,"column":23},"end":{"line":326,"column":3}},"line":318},"16":{"name":"(anonymous_16)","decl":{"start":{"line":335,"column":2},"end":{"line":335,"column":3}},"loc":{"start":{"line":335,"column":11},"end":{"line":410,"column":3}},"line":335},"17":{"name":"(anonymous_17)","decl":{"start":{"line":356,"column":13},"end":{"line":356,"column":14}},"loc":{"start":{"line":356,"column":23},"end":{"line":356,"column":43}},"line":356},"18":{"name":"(anonymous_18)","decl":{"start":{"line":429,"column":18},"end":{"line":429,"column":19}},"loc":{"start":{"line":429,"column":24},"end":{"line":429,"column":26}},"line":429}},"branchMap":{"0":{"loc":{"start":{"line":12,"column":33},"end":{"line":12,"column":49}},"type":"default-arg","locations":[{"start":{"line":12,"column":44},"end":{"line":12,"column":49}}],"line":12},"1":{"loc":{"start":{"line":13,"column":2},"end":{"line":61,"column":3}},"type":"switch","locations":[{"start":{"line":14,"column":4},"end":{"line":24,"column":5}},{"start":{"line":26,"column":4},"end":{"line":36,"column":5}},{"start":{"line":38,"column":4},"end":{"line":48,"column":5}},{"start":{"line":50,"column":4},"end":{"line":60,"column":5}}],"line":13},"2":{"loc":{"start":{"line":187,"column":4},"end":{"line":189,"column":5}},"type":"if","locations":[{"start":{"line":187,"column":4},"end":{"line":189,"column":5}},{"start":{"line":187,"column":4},"end":{"line":189,"column":5}}],"line":187},"3":{"loc":{"start":{"line":197,"column":4},"end":{"line":203,"column":5}},"type":"if","locations":[{"start":{"line":197,"column":4},"end":{"line":203,"column":5}},{"start":{"line":197,"column":4},"end":{"line":203,"column":5}}],"line":197},"4":{"loc":{"start":{"line":197,"column":8},"end":{"line":197,"column":68}},"type":"binary-expr","locations":[{"start":{"line":197,"column":8},"end":{"line":197,"column":25}},{"start":{"line":197,"column":29},"end":{"line":197,"column":48}},{"start":{"line":197,"column":52},"end":{"line":197,"column":68}}],"line":197},"5":{"loc":{"start":{"line":199,"column":11},"end":{"line":203,"column":5}},"type":"if","locations":[{"start":{"line":199,"column":11},"end":{"line":203,"column":5}},{"start":{"line":199,"column":11},"end":{"line":203,"column":5}}],"line":199},"6":{"loc":{"start":{"line":199,"column":15},"end":{"line":199,"column":74}},"type":"binary-expr","locations":[{"start":{"line":199,"column":15},"end":{"line":199,"column":33}},{"start":{"line":199,"column":37},"end":{"line":199,"column":55}},{"start":{"line":199,"column":59},"end":{"line":199,"column":74}}],"line":199},"7":{"loc":{"start":{"line":216,"column":4},"end":{"line":228,"column":5}},"type":"switch","locations":[{"start":{"line":217,"column":6},"end":{"line":217,"column":19}},{"start":{"line":218,"column":6},"end":{"line":220,"column":7}},{"start":{"line":222,"column":6},"end":{"line":222,"column":17}},{"start":{"line":223,"column":6},"end":{"line":225,"column":7}},{"start":{"line":227,"column":6},"end":{"line":227,"column":24}}],"line":216},"8":{"loc":{"start":{"line":235,"column":26},"end":{"line":235,"column":45}},"type":"default-arg","locations":[{"start":{"line":235,"column":40},"end":{"line":235,"column":45}}],"line":235},"9":{"loc":{"start":{"line":243,"column":26},"end":{"line":243,"column":55}},"type":"binary-expr","locations":[{"start":{"line":243,"column":26},"end":{"line":243,"column":46}},{"start":{"line":243,"column":50},"end":{"line":243,"column":55}}],"line":243},"10":{"loc":{"start":{"line":244,"column":27},"end":{"line":244,"column":58}},"type":"binary-expr","locations":[{"start":{"line":244,"column":27},"end":{"line":244,"column":48}},{"start":{"line":244,"column":52},"end":{"line":244,"column":58}}],"line":244},"11":{"loc":{"start":{"line":246,"column":10},"end":{"line":249,"column":11}},"type":"if","locations":[{"start":{"line":246,"column":10},"end":{"line":249,"column":11}},{"start":{"line":246,"column":10},"end":{"line":249,"column":11}}],"line":246},"12":{"loc":{"start":{"line":284,"column":6},"end":{"line":309,"column":7}},"type":"switch","locations":[{"start":{"line":285,"column":8},"end":{"line":288,"column":15}},{"start":{"line":290,"column":8},"end":{"line":293,"column":15}},{"start":{"line":295,"column":8},"end":{"line":298,"column":15}},{"start":{"line":300,"column":8},"end":{"line":303,"column":15}},{"start":{"line":305,"column":8},"end":{"line":308,"column":15}}],"line":284},"13":{"loc":{"start":{"line":321,"column":4},"end":{"line":323,"column":5}},"type":"if","locations":[{"start":{"line":321,"column":4},"end":{"line":323,"column":5}},{"start":{"line":321,"column":4},"end":{"line":323,"column":5}}],"line":321},"14":{"loc":{"start":{"line":325,"column":11},"end":{"line":325,"column":47}},"type":"binary-expr","locations":[{"start":{"line":325,"column":11},"end":{"line":325,"column":27}},{"start":{"line":325,"column":31},"end":{"line":325,"column":47}}],"line":325},"15":{"loc":{"start":{"line":350,"column":20},"end":{"line":350,"column":47}},"type":"binary-expr","locations":[{"start":{"line":350,"column":20},"end":{"line":350,"column":38}},{"start":{"line":350,"column":42},"end":{"line":350,"column":47}}],"line":350},"16":{"loc":{"start":{"line":394,"column":21},"end":{"line":394,"column":83}},"type":"binary-expr","locations":[{"start":{"line":394,"column":21},"end":{"line":394,"column":27}},{"start":{"line":394,"column":31},"end":{"line":394,"column":83}}],"line":394},"17":{"loc":{"start":{"line":395,"column":21},"end":{"line":395,"column":80}},"type":"binary-expr","locations":[{"start":{"line":395,"column":21},"end":{"line":395,"column":40}},{"start":{"line":395,"column":44},"end":{"line":395,"column":80}}],"line":395}},"s":{"0":1,"1":2,"2":0,"3":0,"4":0,"5":2,"6":1,"7":2,"8":1,"9":1,"10":1,"11":1,"12":3,"13":3,"14":3,"15":3,"16":3,"17":3,"18":3,"19":3,"20":2,"21":0,"22":0,"23":0,"24":0,"25":3,"26":0,"27":2,"28":1,"29":2,"30":2,"31":0,"32":0,"33":0,"34":0,"35":0,"36":0,"37":0,"38":0,"39":0,"40":0,"41":0,"42":0,"43":0,"44":0,"45":0,"46":0,"47":0,"48":0,"49":0,"50":0,"51":0,"52":0,"53":0,"54":0,"55":0,"56":0,"57":0,"58":0,"59":0,"60":0,"61":0,"62":0,"63":0,"64":0,"65":0,"66":0,"67":3,"68":3,"69":3,"70":3,"71":3,"72":3,"73":3,"74":1,"75":1,"76":1},"f":{"0":2,"1":2,"2":3,"3":3,"4":0,"5":3,"6":2,"7":0,"8":0,"9":0,"10":0,"11":0,"12":0,"13":0,"14":0,"15":0,"16":3,"17":3,"18":0},"b":{"0":[0],"1":[0,0,0,2],"2":[2,1],"3":[0,0],"4":[0,0,0],"5":[0,0],"6":[0,0,0],"7":[0,0,2,2,1],"8":[0],"9":[0,0],"10":[0,0],"11":[0,0],"12":[0,0,0,0,0],"13":[0,0],"14":[0,0],"15":[3,2],"16":[3,0],"17":[3,2]},"_coverageSchema":"332fd63041d2c1bcb487cc26dd0d5f7d97098a6c","hash":"d028f3c16f49440e55d19e0159da06f80321261d"}
,"/Applications/MAMP/htdocs/react-native-tips/Tips/WaterfallTips.js": {"path":"/Applications/MAMP/htdocs/react-native-tips/Tips/WaterfallTips.js","statementMap":{"0":{"start":{"line":7,"column":4},"end":{"line":7,"column":22}},"1":{"start":{"line":8,"column":4},"end":{"line":8,"column":21}},"2":{"start":{"line":9,"column":4},"end":{"line":9,"column":26}},"3":{"start":{"line":11,"column":4},"end":{"line":11,"column":53}},"4":{"start":{"line":11,"column":29},"end":{"line":11,"column":52}},"5":{"start":{"line":18,"column":4},"end":{"line":18,"column":43}},"6":{"start":{"line":20,"column":4},"end":{"line":20,"column":40}},"7":{"start":{"line":29,"column":4},"end":{"line":29,"column":57}},"8":{"start":{"line":38,"column":4},"end":{"line":40,"column":5}},"9":{"start":{"line":39,"column":6},"end":{"line":39,"column":95}},"10":{"start":{"line":42,"column":16},"end":{"line":42,"column":46}},"11":{"start":{"line":44,"column":4},"end":{"line":46,"column":5}},"12":{"start":{"line":45,"column":6},"end":{"line":45,"column":100}},"13":{"start":{"line":48,"column":18},"end":{"line":51,"column":5}},"14":{"start":{"line":53,"column":4},"end":{"line":53,"column":29}},"15":{"start":{"line":54,"column":4},"end":{"line":54,"column":14}},"16":{"start":{"line":63,"column":16},"end":{"line":64,"column":55}},"17":{"start":{"line":64,"column":17},"end":{"line":64,"column":54}},"18":{"start":{"line":66,"column":4},"end":{"line":66,"column":28}},"19":{"start":{"line":76,"column":23},"end":{"line":76,"column":96}},"20":{"start":{"line":78,"column":4},"end":{"line":86,"column":5}},"21":{"start":{"line":79,"column":6},"end":{"line":79,"column":23}},"22":{"start":{"line":81,"column":6},"end":{"line":83,"column":7}},"23":{"start":{"line":82,"column":8},"end":{"line":82,"column":28}},"24":{"start":{"line":85,"column":6},"end":{"line":85,"column":67}},"25":{"start":{"line":88,"column":4},"end":{"line":88,"column":40}},"26":{"start":{"line":95,"column":4},"end":{"line":97,"column":5}},"27":{"start":{"line":96,"column":6},"end":{"line":96,"column":67}},"28":{"start":{"line":99,"column":4},"end":{"line":99,"column":40}},"29":{"start":{"line":110,"column":4},"end":{"line":110,"column":53}},"30":{"start":{"line":118,"column":4},"end":{"line":124,"column":5}},"31":{"start":{"line":119,"column":6},"end":{"line":119,"column":25}},"32":{"start":{"line":121,"column":6},"end":{"line":123,"column":7}},"33":{"start":{"line":122,"column":8},"end":{"line":122,"column":55}}},"fnMap":{"0":{"name":"(anonymous_0)","decl":{"start":{"line":6,"column":2},"end":{"line":6,"column":3}},"loc":{"start":{"line":6,"column":42},"end":{"line":12,"column":3}},"line":6},"1":{"name":"(anonymous_1)","decl":{"start":{"line":11,"column":20},"end":{"line":11,"column":21}},"loc":{"start":{"line":11,"column":29},"end":{"line":11,"column":52}},"line":11},"2":{"name":"(anonymous_2)","decl":{"start":{"line":17,"column":2},"end":{"line":17,"column":3}},"loc":{"start":{"line":17,"column":10},"end":{"line":21,"column":3}},"line":17},"3":{"name":"(anonymous_3)","decl":{"start":{"line":28,"column":2},"end":{"line":28,"column":3}},"loc":{"start":{"line":28,"column":24},"end":{"line":30,"column":3}},"line":28},"4":{"name":"(anonymous_4)","decl":{"start":{"line":37,"column":2},"end":{"line":37,"column":3}},"loc":{"start":{"line":37,"column":20},"end":{"line":55,"column":3}},"line":37},"5":{"name":"(anonymous_5)","decl":{"start":{"line":62,"column":2},"end":{"line":62,"column":3}},"loc":{"start":{"line":62,"column":31},"end":{"line":67,"column":3}},"line":62},"6":{"name":"(anonymous_6)","decl":{"start":{"line":64,"column":12},"end":{"line":64,"column":13}},"loc":{"start":{"line":64,"column":17},"end":{"line":64,"column":54}},"line":64},"7":{"name":"(anonymous_7)","decl":{"start":{"line":75,"column":2},"end":{"line":75,"column":3}},"loc":{"start":{"line":75,"column":9},"end":{"line":89,"column":3}},"line":75},"8":{"name":"(anonymous_8)","decl":{"start":{"line":94,"column":2},"end":{"line":94,"column":3}},"loc":{"start":{"line":94,"column":13},"end":{"line":100,"column":3}},"line":94},"9":{"name":"(anonymous_9)","decl":{"start":{"line":109,"column":2},"end":{"line":109,"column":3}},"loc":{"start":{"line":109,"column":14},"end":{"line":111,"column":3}},"line":109},"10":{"name":"(anonymous_10)","decl":{"start":{"line":117,"column":2},"end":{"line":117,"column":3}},"loc":{"start":{"line":117,"column":19},"end":{"line":125,"column":3}},"line":117}},"branchMap":{"0":{"loc":{"start":{"line":6,"column":14},"end":{"line":6,"column":26}},"type":"default-arg","locations":[{"start":{"line":6,"column":24},"end":{"line":6,"column":26}}],"line":6},"1":{"loc":{"start":{"line":6,"column":28},"end":{"line":6,"column":40}},"type":"default-arg","locations":[{"start":{"line":6,"column":38},"end":{"line":6,"column":40}}],"line":6},"2":{"loc":{"start":{"line":20,"column":11},"end":{"line":20,"column":40}},"type":"binary-expr","locations":[{"start":{"line":20,"column":11},"end":{"line":20,"column":21}},{"start":{"line":20,"column":25},"end":{"line":20,"column":40}}],"line":20},"3":{"loc":{"start":{"line":28,"column":12},"end":{"line":28,"column":22}},"type":"default-arg","locations":[{"start":{"line":28,"column":20},"end":{"line":28,"column":22}}],"line":28},"4":{"loc":{"start":{"line":29,"column":11},"end":{"line":29,"column":57}},"type":"cond-expr","locations":[{"start":{"line":29,"column":24},"end":{"line":29,"column":49}},{"start":{"line":29,"column":52},"end":{"line":29,"column":57}}],"line":29},"5":{"loc":{"start":{"line":38,"column":4},"end":{"line":40,"column":5}},"type":"if","locations":[{"start":{"line":38,"column":4},"end":{"line":40,"column":5}},{"start":{"line":38,"column":4},"end":{"line":40,"column":5}}],"line":38},"6":{"loc":{"start":{"line":44,"column":4},"end":{"line":46,"column":5}},"type":"if","locations":[{"start":{"line":44,"column":4},"end":{"line":46,"column":5}},{"start":{"line":44,"column":4},"end":{"line":46,"column":5}}],"line":44},"7":{"loc":{"start":{"line":76,"column":23},"end":{"line":76,"column":96}},"type":"binary-expr","locations":[{"start":{"line":76,"column":23},"end":{"line":76,"column":33}},{"start":{"line":76,"column":37},"end":{"line":76,"column":96}}],"line":76},"8":{"loc":{"start":{"line":78,"column":4},"end":{"line":86,"column":5}},"type":"if","locations":[{"start":{"line":78,"column":4},"end":{"line":86,"column":5}},{"start":{"line":78,"column":4},"end":{"line":86,"column":5}}],"line":78},"9":{"loc":{"start":{"line":78,"column":8},"end":{"line":78,"column":33}},"type":"binary-expr","locations":[{"start":{"line":78,"column":8},"end":{"line":78,"column":19}},{"start":{"line":78,"column":23},"end":{"line":78,"column":33}}],"line":78},"10":{"loc":{"start":{"line":81,"column":6},"end":{"line":83,"column":7}},"type":"if","locations":[{"start":{"line":81,"column":6},"end":{"line":83,"column":7}},{"start":{"line":81,"column":6},"end":{"line":83,"column":7}}],"line":81},"11":{"loc":{"start":{"line":88,"column":11},"end":{"line":88,"column":40}},"type":"binary-expr","locations":[{"start":{"line":88,"column":11},"end":{"line":88,"column":21}},{"start":{"line":88,"column":25},"end":{"line":88,"column":40}}],"line":88},"12":{"loc":{"start":{"line":95,"column":4},"end":{"line":97,"column":5}},"type":"if","locations":[{"start":{"line":95,"column":4},"end":{"line":97,"column":5}},{"start":{"line":95,"column":4},"end":{"line":97,"column":5}}],"line":95},"13":{"loc":{"start":{"line":95,"column":8},"end":{"line":95,"column":45}},"type":"binary-expr","locations":[{"start":{"line":95,"column":8},"end":{"line":95,"column":18}},{"start":{"line":95,"column":22},"end":{"line":95,"column":45}}],"line":95},"14":{"loc":{"start":{"line":99,"column":11},"end":{"line":99,"column":40}},"type":"binary-expr","locations":[{"start":{"line":99,"column":11},"end":{"line":99,"column":21}},{"start":{"line":99,"column":25},"end":{"line":99,"column":40}}],"line":99},"15":{"loc":{"start":{"line":110,"column":11},"end":{"line":110,"column":53}},"type":"cond-expr","locations":[{"start":{"line":110,"column":35},"end":{"line":110,"column":39}},{"start":{"line":110,"column":42},"end":{"line":110,"column":53}}],"line":110},"16":{"loc":{"start":{"line":118,"column":4},"end":{"line":124,"column":5}},"type":"if","locations":[{"start":{"line":118,"column":4},"end":{"line":124,"column":5}},{"start":{"line":118,"column":4},"end":{"line":124,"column":5}}],"line":118},"17":{"loc":{"start":{"line":121,"column":6},"end":{"line":123,"column":7}},"type":"if","locations":[{"start":{"line":121,"column":6},"end":{"line":123,"column":7}},{"start":{"line":121,"column":6},"end":{"line":123,"column":7}}],"line":121},"18":{"loc":{"start":{"line":122,"column":35},"end":{"line":122,"column":54}},"type":"binary-expr","locations":[{"start":{"line":122,"column":35},"end":{"line":122,"column":40}},{"start":{"line":122,"column":44},"end":{"line":122,"column":54}}],"line":122}},"s":{"0":2,"1":2,"2":2,"3":2,"4":3,"5":3,"6":3,"7":4,"8":5,"9":1,"10":4,"11":4,"12":1,"13":3,"14":3,"15":3,"16":8,"17":15,"18":8,"19":7,"20":7,"21":3,"22":3,"23":1,"24":4,"25":7,"26":2,"27":1,"28":2,"29":62,"30":11,"31":9,"32":9,"33":1},"f":{"0":2,"1":3,"2":3,"3":4,"4":5,"5":8,"6":15,"7":7,"8":2,"9":62,"10":11},"b":{"0":[1],"1":[2],"2":[3,2],"3":[1],"4":[3,1],"5":[1,4],"6":[1,3],"7":[7,5],"8":[3,4],"9":[7,5],"10":[1,2],"11":[7,4],"12":[1,1],"13":[2,2],"14":[2,2],"15":[2,60],"16":[9,2],"17":[1,8],"18":[1,1]},"_coverageSchema":"332fd63041d2c1bcb487cc26dd0d5f7d97098a6c","hash":"2e209ca91cb5840f37595bb72471c4943fe11de5"}
}
